<?xml version="1.0" encoding="UTF-8"?>
<!-- Generated by org.testng.reporters.JUnitReportReporter -->
<testsuite skipped="0" hostname="DESKTOP-2SKNHE6" name="org.weather.asclass.RestAssuredWeather" tests="1" failures="0" timestamp="12 Jun 2018 04:31:42 GMT" time="5.016" errors="0">
  <testcase name="weatherResponse" time="5.016" classname="org.weather.asclass.RestAssuredWeather"/>
</testsuite> <!-- org.weather.asclass.RestAssuredWeather -->
