<?xml version="1.0" encoding="UTF-8"?>
<!-- Generated by org.testng.reporters.JUnitReportReporter -->
<testsuite skipped="0" hostname="DESKTOP-2SKNHE6" name="org.put.petstore.PetStorePut" tests="1" failures="0" timestamp="11 Jun 2018 16:03:23 GMT" time="2.156" errors="0">
  <testcase name="method" time="2.156" classname="org.put.petstore.PetStorePut"/>
</testsuite> <!-- org.put.petstore.PetStorePut -->
