<?xml version="1.0" encoding="UTF-8"?>
<!-- Generated by org.testng.reporters.JUnitReportReporter -->
<testsuite skipped="0" hostname="DESKTOP-2SKNHE6" name="responseAsJsonPath.Toolsq" tests="1" failures="0" timestamp="07 Jun 2018 13:10:09 GMT" time="2.569" errors="0">
  <testcase name="mthd" time="2.569" classname="responseAsJsonPath.Toolsq"/>
</testsuite> <!-- responseAsJsonPath.Toolsq -->
