<?xml version="1.0" encoding="UTF-8"?>
<!-- Generated by org.testng.reporters.JUnitReportReporter -->
<testsuite skipped="0" hostname="DESKTOP-2SKNHE6" name="org.task.Rest.AsClass" tests="1" failures="0" timestamp="09 Jun 2018 15:41:52 GMT" time="4.543" errors="0">
  <testcase name="method" time="4.543" classname="org.task.Rest.AsClass"/>
</testsuite> <!-- org.task.Rest.AsClass -->
