<?xml version="1.0" encoding="UTF-8"?>
<!-- Generated by org.testng.reporters.JUnitReportReporter -->
<testsuite skipped="0" hostname="DESKTOP-2SKNHE6" name="org.asclass.ResponseAsClass" tests="1" failures="0" timestamp="11 Jun 2018 10:00:44 GMT" time="4.457" errors="0">
  <testcase name="method" time="4.457" classname="org.asclass.ResponseAsClass"/>
</testsuite> <!-- org.asclass.ResponseAsClass -->
