<?xml version="1.0" encoding="UTF-8"?>
<!-- Generated by org.testng.reporters.JUnitReportReporter -->
<testsuite skipped="0" hostname="DESKTOP-2SKNHE6" name="org.task.Rest.Main" tests="1" failures="0" timestamp="05 Jun 2018 17:52:43 GMT" time="3.486" errors="0">
  <testcase name="method" time="3.486" classname="org.task.Rest.Main"/>
</testsuite> <!-- org.task.Rest.Main -->
