<?xml version="1.0" encoding="UTF-8"?>
<!-- Generated by org.testng.reporters.JUnitReportReporter -->
<testsuite skipped="0" hostname="DESKTOP-2SKNHE6" name="org.weather.asclass.CreateNewPet" tests="1" failures="0" timestamp="12 Jun 2018 05:24:01 GMT" time="76.610" errors="0">
  <testcase name="newpetCreation" time="76.610" classname="org.weather.asclass.CreateNewPet"/>
</testsuite> <!-- org.weather.asclass.CreateNewPet -->
