<?xml version="1.0" encoding="UTF-8"?>
<!-- Generated by org.testng.reporters.JUnitReportReporter -->
<testsuite skipped="0" hostname="DESKTOP-2SKNHE6" name="org.task.Rest.RestTest" tests="1" failures="0" timestamp="08 Jun 2018 04:03:55 GMT" time="3.328" errors="0">
  <testcase name="mytest" time="3.328" classname="org.task.Rest.RestTest"/>
</testsuite> <!-- org.task.Rest.RestTest -->
